-------------------------------------------------------------------------------
Test set: com.raihanefelmaulana.userservice.UserServiceApplicationTests
-------------------------------------------------------------------------------
Tests run: 1, Failures: 0, Errors: 1, Skipped: 0, Time elapsed: 5.08 s <<< FAILURE! - in com.raihanefelmaulana.userservice.UserServiceApplicationTests
contextLoads  Time elapsed: 0.016 s  <<< ERROR!
java.lang.IllegalStateException: Failed to load ApplicationContext
Caused by: org.springframework.beans.factory.BeanCreationException: 
Error creating bean with name 'requestMappingHandlerMapping' defined in class path resource [org/springframework/boot/autoconfigure/web/servlet/WebMvcAutoConfiguration$EnableWebMvcConfiguration.class]: Invocation of init method failed; nested exception is java.lang.IllegalStateException: Ambiguous mapping. Cannot map 'userController' method 
com.raihanefelmaulana.userservice.controller.userController#deleteUser(String)
to {GET [/user/{id}]}: There is already 'userController' bean method
com.raihanefelmaulana.userservice.controller.userController#getUser(String) mapped.
Caused by: java.lang.IllegalStateException: 
Ambiguous mapping. Cannot map 'userController' method 
com.raihanefelmaulana.userservice.controller.userController#deleteUser(String)
to {GET [/user/{id}]}: There is already 'userController' bean method
com.raihanefelmaulana.userservice.controller.userController#getUser(String) mapped.

